0 info it worked if it ends with ok
1 verbose cli [ 'C:\\Program Files\\nodejs\\node.exe',
1 verbose cli   'C:\\Program Files\\nodejs\\node_modules\\npm\\bin\\npm-cli.js',
1 verbose cli   'install',
1 verbose cli   '-g',
1 verbose cli   'pm2' ]
2 info using npm@2.15.9
3 info using node@v4.5.0
4 verbose install initial load of C:\Program Files\nodejs\node_global\package.json
5 verbose readDependencies loading dependencies from C:\Program Files\nodejs\node_global\package.json
6 silly cache add args [ 'pm2', null ]
7 verbose cache add spec pm2
8 silly cache add parsed spec Result {
8 silly cache add   raw: 'pm2',
8 silly cache add   scope: null,
8 silly cache add   name: 'pm2',
8 silly cache add   rawSpec: '',
8 silly cache add   spec: 'latest',
8 silly cache add   type: 'tag' }
9 silly addNamed pm2@latest
10 verbose addNamed "latest" is being treated as a dist-tag for pm2
11 info addNameTag [ 'pm2', 'latest' ]
12 silly mapToRegistry name pm2
13 silly mapToRegistry using default registry
14 silly mapToRegistry registry https://registry.npmjs.org/
15 silly mapToRegistry data Result {
15 silly mapToRegistry   raw: 'pm2',
15 silly mapToRegistry   scope: null,
15 silly mapToRegistry   name: 'pm2',
15 silly mapToRegistry   rawSpec: '',
15 silly mapToRegistry   spec: 'latest',
15 silly mapToRegistry   type: 'tag' }
16 silly mapToRegistry uri https://registry.npmjs.org/pm2
17 verbose addNameTag registry:https://registry.npmjs.org/pm2 not in flight; fetching
18 verbose request uri https://registry.npmjs.org/pm2
19 verbose request no auth needed
20 info attempt registry request try #1 at 09:09:34
21 verbose request id 8efa952f8fef3132
22 verbose etag W/"5871ab4a-79ab9"
23 verbose lastModified Sun, 08 Jan 2017 03:00:26 GMT
24 http request GET https://registry.npmjs.org/pm2
25 http 304 https://registry.npmjs.org/pm2
26 verbose headers { date: 'Mon, 09 Jan 2017 01:09:35 GMT',
26 verbose headers   via: '1.1 varnish',
26 verbose headers   'cache-control': 'max-age=300',
26 verbose headers   etag: 'W/"5871ab4a-79ab9"',
26 verbose headers   age: '0',
26 verbose headers   connection: 'keep-alive',
26 verbose headers   'x-served-by': 'cache-nrt6131-NRT',
26 verbose headers   'x-cache': 'HIT',
26 verbose headers   'x-cache-hits': '1',
26 verbose headers   'x-timer': 'S1483924175.738655,VS0,VE487',
26 verbose headers   vary: 'Accept-Encoding' }
27 silly get cb [ 304,
27 silly get   { date: 'Mon, 09 Jan 2017 01:09:35 GMT',
27 silly get     via: '1.1 varnish',
27 silly get     'cache-control': 'max-age=300',
27 silly get     etag: 'W/"5871ab4a-79ab9"',
27 silly get     age: '0',
27 silly get     connection: 'keep-alive',
27 silly get     'x-served-by': 'cache-nrt6131-NRT',
27 silly get     'x-cache': 'HIT',
27 silly get     'x-cache-hits': '1',
27 silly get     'x-timer': 'S1483924175.738655,VS0,VE487',
27 silly get     vary: 'Accept-Encoding' } ]
28 verbose etag https://registry.npmjs.org/pm2 from cache
29 verbose get saving pm2 to C:\Program Files\nodejs\node_cache\registry.npmjs.org\pm2\.cache.json
30 verbose correctMkdir C:\Program Files\nodejs\node_cache correctMkdir not in flight; initializing
31 silly addNameTag next cb for pm2 with tag latest
32 silly addNamed pm2@2.2.3
33 verbose addNamed "2.2.3" is a plain semver version for pm2
34 silly mapToRegistry name pm2
35 silly mapToRegistry using default registry
36 silly mapToRegistry registry https://registry.npmjs.org/
37 silly mapToRegistry data Result {
37 silly mapToRegistry   raw: 'pm2',
37 silly mapToRegistry   scope: null,
37 silly mapToRegistry   name: 'pm2',
37 silly mapToRegistry   rawSpec: '',
37 silly mapToRegistry   spec: 'latest',
37 silly mapToRegistry   type: 'tag' }
38 silly mapToRegistry uri https://registry.npmjs.org/pm2
39 verbose addRemoteTarball https://registry.npmjs.org/pm2/-/pm2-2.2.3.tgz not in flight; adding
40 verbose addRemoteTarball [ 'https://registry.npmjs.org/pm2/-/pm2-2.2.3.tgz',
40 verbose addRemoteTarball   '303906385349a58a70aa8d7f9ba2e56199eabe7d' ]
41 info retry fetch attempt 1 at 09:09:36
42 info attempt registry request try #1 at 09:09:36
43 http fetch GET https://registry.npmjs.org/pm2/-/pm2-2.2.3.tgz
44 http fetch 200 https://registry.npmjs.org/pm2/-/pm2-2.2.3.tgz
45 info retry will retry, error on last attempt: Error: read ECONNRESET
46 info retry will retry, error on last attempt: Error: read ECONNRESET
47 silly fetchAndShaCheck shasum 303906385349a58a70aa8d7f9ba2e56199eabe7d
48 verbose stack Error: shasum check failed for C:\Users\ADMINI~1\AppData\Local\Temp\npm-4752-8e5373b3\registry.npmjs.org\pm2\-\pm2-2.2.3.tgz
48 verbose stack Expected: 303906385349a58a70aa8d7f9ba2e56199eabe7d
48 verbose stack Actual:   7a58e49908a6bf80f6db3f647d3633b7f70a4570
48 verbose stack From:     https://registry.npmjs.org/pm2/-/pm2-2.2.3.tgz
48 verbose stack     at C:\Program Files\nodejs\node_modules\npm\node_modules\sha\index.js:25:8
48 verbose stack     at ReadStream.<anonymous> (C:\Program Files\nodejs\node_modules\npm\node_modules\sha\index.js:72:7)
48 verbose stack     at emitNone (events.js:72:20)
48 verbose stack     at ReadStream.emit (events.js:166:7)
48 verbose stack     at endReadableNT (_stream_readable.js:921:12)
48 verbose stack     at nextTickCallbackWith2Args (node.js:442:9)
48 verbose stack     at process._tickCallback (node.js:356:17)
49 verbose cwd F:\hehe1
50 error Windows_NT 6.1.7601
51 error argv "C:\\Program Files\\nodejs\\node.exe" "C:\\Program Files\\nodejs\\node_modules\\npm\\bin\\npm-cli.js" "install" "-g" "pm2"
52 error node v4.5.0
53 error npm  v2.15.9
54 error shasum check failed for C:\Users\ADMINI~1\AppData\Local\Temp\npm-4752-8e5373b3\registry.npmjs.org\pm2\-\pm2-2.2.3.tgz
54 error Expected: 303906385349a58a70aa8d7f9ba2e56199eabe7d
54 error Actual:   7a58e49908a6bf80f6db3f647d3633b7f70a4570
54 error From:     https://registry.npmjs.org/pm2/-/pm2-2.2.3.tgz
55 error If you need help, you may report this error at:
55 error     <https://github.com/npm/npm/issues>
56 verbose exit [ 1, true ]
